<?xml version="1.0" encoding="UTF-8"?>
<testng-results ignored="0" total="1" passed="1" failed="0" skipped="0">
  <reporter-output>
  </reporter-output>
  <suite started-at="2022-05-30T19:58:28 ART" name="Default suite" finished-at="2022-05-30T19:58:51 ART" duration-ms="22945">
    <groups>
    </groups>
    <test started-at="2022-05-30T19:58:28 ART" name="Default test" finished-at="2022-05-30T19:58:51 ART" duration-ms="22945">
      <class name="Despegar.Despegar">
        <test-method signature="ValidarBusquedaDespegar()[pri:0, instance:Despegar.Despegar@26e356f0]" started-at="2022-05-30T19:58:28 ART" name="ValidarBusquedaDespegar" description="Busqueda de hospedaje en Despegar.com" finished-at="2022-05-30T19:58:51 ART" duration-ms="22929" status="PASS">
          <reporter-output>
          </reporter-output>
        </test-method> <!-- ValidarBusquedaDespegar -->
      </class> <!-- Despegar.Despegar -->
    </test> <!-- Default test -->
  </suite> <!-- Default suite -->
</testng-results>
